nohup: ignoring input
Loading R2E-Gym-Lite split=train...
Processing 4578 entries (workers=8)
Loaded existing index with 29 entries

4549 to cache, 29 already cached
[30/4578] aiohttp__e5106ef238ae: caching from namanjain12/aiohttp_final:e5106ef238ae8e14921c99ffc6b53969d7917d6d...
[31/4578] aiohttp__dccf97578e6a: caching from namanjain12/aiohttp_final:dccf97578e6a8e094dac0c0a4ac46a59eb3ac2b1...
[32/4578] aiohttp__92ce18b0a7d6: caching from namanjain12/aiohttp_final:92ce18b0a7d677c4fbdfc835198725a24052179c...
[33/4578] aiohttp__a076bea68949: caching from namanjain12/aiohttp_final:a076bea6894928c2b91d8547d5e9a77e1715985d...
[34/4578] aiohttp__43f188c3201b: caching from namanjain12/aiohttp_final:43f188c3201b8f086f7123b9fba5595f4a4faa50...
[35/4578] aiohttp__aaa889312e9b: caching from namanjain12/aiohttp_final:aaa889312e9ba8ec7a812adc31e3d61c8cad4a49...
[36/4578] aiohttp__618335186f22: caching from namanjain12/aiohttp_final:618335186f22834c0d8daabcf53ccf44d42488a2...
[37/4578] aiohttp__750a09537324: caching from namanjain12/aiohttp_final:750a09537324940f2b29cf62e023a94b9a1a8709...
  ERROR: Incorrect padding
[38/4578] aiohttp__d2286ff6f0eb: caching from namanjain12/aiohttp_final:d2286ff6f0ebf3f477822dd081e257aa25a1477d...
  ERROR: Incorrect padding
[39/4578] aiohttp__cdc6fbf6af51: caching from namanjain12/aiohttp_final:cdc6fbf6af51a9c1b73058f0f84b6437047828fe...
  ERROR: Incorrect padding
[40/4578] aiohttp__c0e4490aa747: caching from namanjain12/aiohttp_final:c0e4490aa74767907ae43d491a753d033eaf07c0...
  ERROR: Incorrect padding
[41/4578] aiohttp__51ea69d4c863: caching from namanjain12/aiohttp_final:51ea69d4c863b9a184293371b24e8d3e6651eb25...
  ERROR: unexpected end of data
[42/4578] aiohttp__dd5b9784e71b: caching from namanjain12/aiohttp_final:dd5b9784e71ba3d4e806ea1020189b401479e977...
  ERROR: Invalid base64-encoded string: number of data characters (998573) cannot be 1 more than a multiple of 4
[43/4578] aiohttp__396e33526ceb: caching from namanjain12/aiohttp_final:396e33526ceb241f491d36cdaa72a31c6e0fae92...
  ERROR: unexpected end of data
[44/4578] aiohttp__65fd80bc5783: caching from namanjain12/aiohttp_final:65fd80bc5783b724e96bb54e55b6f0ddb2d660f9...
  ERROR: Incorrect padding
[45/4578] aiohttp__7fa8d945a452: caching from namanjain12/aiohttp_final:7fa8d945a452fb4ad912589f4ba5bcea13338bcf...
  ERROR: Incorrect padding
[46/4578] aiohttp__c776b5a2522f: caching from namanjain12/aiohttp_final:c776b5a2522fb8c411295b56816d064bfc8389c9...
  ERROR: unexpected end of data
[47/4578] aiohttp__c7c52506c080: caching from namanjain12/aiohttp_final:c7c52506c0802e70d1bf5655d16de63769b71fb9...
  OK: 65 files, 0.7 MB, 28.7s
[48/4578] aiohttp__dd3fabd091bf: caching from namanjain12/aiohttp_final:dd3fabd091bf40137ff87a66b226b47f172a0298...
  ERROR: Incorrect padding
[49/4578] aiohttp__d2fbdefd269d: caching from namanjain12/aiohttp_final:d2fbdefd269d4d79e54c703d636269bf52505bfb...
  ERROR: Incorrect padding
[50/4578] aiohttp__c3789965cdf0: caching from namanjain12/aiohttp_final:c3789965cdf023d5069d1f04e853a3c6f7a7ab3d...
  ERROR: unexpected end of data
[51/4578] aiohttp__18a281eff089: caching from namanjain12/aiohttp_final:18a281eff089456797a6c783bec93cb93fbb0995...
  ERROR: Incorrect padding
[52/4578] aiohttp__a2aa20dacbeb: caching from namanjain12/aiohttp_final:a2aa20dacbeb34544cc69765e20dabe5718c0d57...
  ERROR: Incorrect padding
[53/4578] aiohttp__7c38deb7c709: caching from namanjain12/aiohttp_final:7c38deb7c709be6c69962002c133e2781512724b...
  ERROR: Incorrect padding
[54/4578] aiohttp__bb81dbc7f3f0: caching from namanjain12/aiohttp_final:bb81dbc7f3f0b2dcea30b987fb502bb5c07030aa...
  ERROR: unexpected end of data
[55/4578] aiohttp__980c0d0bd363: caching from namanjain12/aiohttp_final:980c0d0bd3636a79b29b28b5bdde7dcd796736b1...
  ERROR: Incorrect padding
[56/4578] aiohttp__922541b8f49e: caching from namanjain12/aiohttp_final:922541b8f49e894bd2d52e0ae7d5b6daf3efa073...
  ERROR: Incorrect padding
[57/4578] aiohttp__e15c602b08cc: caching from namanjain12/aiohttp_final:e15c602b08cc943f5078a6284449f8e949cbb230...
  ERROR: Incorrect padding
[58/4578] aiohttp__4284bed28ae2: caching from namanjain12/aiohttp_final:4284bed28ae27d5d2bf51cabf2bd3dd2e78a5ea4...
  ERROR: Incorrect padding
[59/4578] aiohttp__8d62de0b8726: caching from namanjain12/aiohttp_final:8d62de0b8726625e81e300b1ac9e92d2f5a705a8...
  ERROR: Incorrect padding
[60/4578] aiohttp__d3fa32eb3905: caching from namanjain12/aiohttp_final:d3fa32eb39057636c7e6246619a3680244061049...
  ERROR: unexpected end of data
[61/4578] aiohttp__8f881a7ad81e: caching from namanjain12/aiohttp_final:8f881a7ad81e1bb48a3ebde5b8712498d613ffcf...
  ERROR: Incorrect padding
[62/4578] aiohttp__2ac5bbce5c7c: caching from namanjain12/aiohttp_final:2ac5bbce5c7c6e3a442951ef7638b23f61b76a25...
  ERROR: Invalid base64-encoded string: number of data characters (998573) cannot be 1 more than a multiple of 4
[63/4578] aiohttp__b8548c7d4784: caching from namanjain12/aiohttp_final:b8548c7d4784cec1caaf67534c409069808a253c...
  ERROR: unexpected end of data
[64/4578] aiohttp__aa2308fb632b: caching from namanjain12/aiohttp_final:aa2308fb632bce8eb056d66f7cdb51a469f2572e...
  ERROR: Incorrect padding
[65/4578] aiohttp__0813710e44b9: caching from namanjain12/aiohttp_final:0813710e44b911e40809131521e108cdb8451c7b...
  ERROR: Invalid base64-encoded string: number of data characters (998573) cannot be 1 more than a multiple of 4
[66/4578] aiohttp__800c7929cae8: caching from namanjain12/aiohttp_final:800c7929cae8d9bb4605783a4d3b45ee9480840f...
  ERROR: Incorrect padding
[67/4578] aiohttp__87342c791dfd: caching from namanjain12/aiohttp_final:87342c791dfd4c916877ba3dffafb9345bb0491f...
  ERROR: unexpected end of data
[68/4578] aiohttp__d5bbb8019551: caching from namanjain12/aiohttp_final:d5bbb80195513268c604a908c31870db6b49310c...
  ERROR: Incorrect padding
[69/4578] aiohttp__466f1ebbac1b: caching from namanjain12/aiohttp_final:466f1ebbac1bd4047d0eeaed582ac12834bad305...
  ERROR: Incorrect padding
[70/4578] aiohttp__41968f892dfd: caching from namanjain12/aiohttp_final:41968f892dfdd098d28d2f55561f5009461e661f...
  ERROR: unexpected end of data
[71/4578] aiohttp__7eecdff163cc: caching from namanjain12/aiohttp_final:7eecdff163ccf029fbb1ddc9de4169d4aaeb6597...
  ERROR: Incorrect padding
[72/4578] aiohttp__0fdcc291d6f4: caching from namanjain12/aiohttp_final:0fdcc291d6f4a35352d8feba39a9acf5f822c1a9...
  ERROR: Incorrect padding
[73/4578] aiohttp__dde1446cb9fb: caching from namanjain12/aiohttp_final:dde1446cb9fb6835570795eebe58bf435a6a0006...
  ERROR: Incorrect padding
[74/4578] aiohttp__ba9b33e63a18: caching from namanjain12/aiohttp_final:ba9b33e63a18841cdb7cf5f912d99ccbea91dee4...
  ERROR: Incorrect padding
[75/4578] aiohttp__d9a9368f0923: caching from namanjain12/aiohttp_final:d9a9368f0923e1447231880075271e7fe38683d8...
  ERROR: Invalid base64-encoded string: number of data characters (998573) cannot be 1 more than a multiple of 4
[76/4578] aiohttp__42d30d52b774: caching from namanjain12/aiohttp_final:42d30d52b774357a80badc20d40e83ce4c165b67...
  ERROR: unexpected end of data
[77/4578] aiohttp__a24d690a46f7: caching from namanjain12/aiohttp_final:a24d690a46f70fecb8b35ae4dda1fc41f982e226...
  ERROR: Invalid base64-encoded string: number of data characters (1014745) cannot be 1 more than a multiple of 4
[78/4578] aiohttp__216e082807d0: caching from namanjain12/aiohttp_final:216e082807d02fafaacca57fc883c86826b126d3...
  ERROR: Incorrect padding
[79/4578] aiohttp__b1bd55bde576: caching from namanjain12/aiohttp_final:b1bd55bde57654e0eec9c27b8745ddb2e345b1ba...
  ERROR: unexpected end of data
[80/4578] aiohttp__482e6cdf6516: caching from namanjain12/aiohttp_final:482e6cdf6516607360666a48c5828d3dbe959fbd...
  ERROR: unexpected end of data
[81/4578] aiohttp__e56a4fd45b81: caching from namanjain12/aiohttp_final:e56a4fd45b813a8c41d09c88aaf3c73903935c71...
  ERROR: Invalid base64-encoded string: number of data characters (998573) cannot be 1 more than a multiple of 4
[82/4578] aiohttp__50efb2a38941: caching from namanjain12/aiohttp_final:50efb2a389414cf36012d3f6e86623f8eac3a42e...
  ERROR: Incorrect padding
[83/4578] aiohttp__032fb571f2c7: caching from namanjain12/aiohttp_final:032fb571f2c73605d855d4f17026b303c7441823...
  ERROR: unexpected end of data
[84/4578] aiohttp__006fbe03fede: caching from namanjain12/aiohttp_final:006fbe03fede4eaa1eeba7b8393cbf4d63cb44b6...
  ERROR: unexpected end of data
[85/4578] aiohttp__b15c89558f1a: caching from namanjain12/aiohttp_final:b15c89558f1a52eb22ca400ff8624def096123d0...
  ERROR: unexpected end of data
[86/4578] aiohttp__e238777c2a1e: caching from namanjain12/aiohttp_final:e238777c2a1e99e5de6e57972a31488ee8f03e37...
  ERROR: unexpected end of data
[87/4578] aiohttp__2f7c45ebc0e2: caching from namanjain12/aiohttp_final:2f7c45ebc0e2adee709815fc26264c7940b732fd...
  ERROR: unexpected end of data
[88/4578] aiohttp__e36c5f0ffeee: caching from namanjain12/aiohttp_final:e36c5f0ffeeea0076736c5756d63f5933c91eb8d...
  ERROR: Incorrect padding
[89/4578] aiohttp__b78cef374c1e: caching from namanjain12/aiohttp_final:b78cef374c1e0bcce62faef144b9f5067c3bf53e...
  ERROR: unexpected end of data
[90/4578] aiohttp__53476dfd4ef4: caching from namanjain12/aiohttp_final:53476dfd4ef4fb1bb74a267714bbc39eda71b403...
  ERROR: Incorrect padding
[91/4578] aiohttp__52581e8af7ce: caching from namanjain12/aiohttp_final:52581e8af7ceed473659ae3d88795183c71ee37d...
  ERROR: unexpected end of data
[92/4578] aiohttp__74d9355b6cf9: caching from namanjain12/aiohttp_final:74d9355b6cf9581361668ffd2d38a01b53b58297...
  ERROR: Incorrect padding
[93/4578] aiohttp__6198a56e67a6: caching from namanjain12/aiohttp_final:6198a56e67a65a4bc68d1661a1c4cb9201d455cd...
  ERROR: Incorrect padding
[94/4578] aiohttp__0e6bbbce2d19: caching from namanjain12/aiohttp_final:0e6bbbce2d19ba2b155b4c801e95365902cae6ef...
  ERROR: unexpected end of data
[95/4578] aiohttp__1d761e172bcb: caching from namanjain12/aiohttp_final:1d761e172bcb5314a9f9dbcf3e0fb1e1ea8c995b...
  ERROR: unexpected end of data
[96/4578] aiohttp__5ddff951a40d: caching from namanjain12/aiohttp_final:5ddff951a40d0e699b3037f8482b53bf1d9f3990...
  ERROR: unexpected end of data
[97/4578] aiohttp__44d809f330aa: caching from namanjain12/aiohttp_final:44d809f330aa249de582d8c3cdfd284fb4247483...
  ERROR: Incorrect padding
[98/4578] aiohttp__950f72c18266: caching from namanjain12/aiohttp_final:950f72c18266b55a9fcb93717b32828eae37719c...
  ERROR: unexpected end of data
[99/4578] aiohttp__524bd1666333: caching from namanjain12/aiohttp_final:524bd16663338a535f1002b44e91bfa9206337fb...
  ERROR: Incorrect padding
[100/4578] aiohttp__7a796a652790: caching from namanjain12/aiohttp_final:7a796a652790c213a6363c741b0b2c5231fbcca0...
  ERROR: Incorrect padding
[101/4578] aiohttp__087aecba1dc9: caching from namanjain12/aiohttp_final:087aecba1dc979b2aa0c2652475feaed7d96a71d...
  ERROR: unexpected end of data
[102/4578] aiohttp__5a8d95b6bafe: caching from namanjain12/aiohttp_final:5a8d95b6bafe5aaae92b644a6561b71ddfee8cd4...
  ERROR: Incorrect padding
[103/4578] aiohttp__1e7faf857c9c: caching from namanjain12/aiohttp_final:1e7faf857c9c68400848ba43a894479681736b0c...
  ERROR: Invalid base64-encoded string: number of data characters (1014745) cannot be 1 more than a multiple of 4
[104/4578] aiohttp__04de88853481: caching from namanjain12/aiohttp_final:04de888534815c80abf5025fb66c03c07cb1bb32...
  ERROR: Incorrect padding
[105/4578] aiohttp__8a44398aca58: caching from namanjain12/aiohttp_final:8a44398aca58baeab809da9cbaeca8e616b3556d...
  ERROR: Invalid base64-encoded string: number of data characters (1014745) cannot be 1 more than a multiple of 4
[106/4578] aiohttp__74705a48f242: caching from namanjain12/aiohttp_final:74705a48f242bc2d807e3129c9b88fd22f6eb22b...
  ERROR: unexpected end of data
[107/4578] aiohttp__8cf3ae42bd0b: caching from namanjain12/aiohttp_final:8cf3ae42bd0b40c1766548ded25b90416a802acb...
  ERROR: unexpected end of data
[108/4578] aiohttp__2b85ad73f587: caching from namanjain12/aiohttp_final:2b85ad73f587ce43ea9285a6922b614d96e72f80...
  ERROR: Incorrect padding
[109/4578] aiohttp__92cd425bca4c: caching from namanjain12/aiohttp_final:92cd425bca4c0bbd9be84def71951234159ca44f...
  ERROR: unexpected end of data
[110/4578] aiohttp__b1091c35c381: caching from namanjain12/aiohttp_final:b1091c35c381851f3fa200f4a9fe1c38c5dfb678...
  ERROR: Incorrect padding
[111/4578] aiohttp__64f5fe2c23b9: caching from namanjain12/aiohttp_final:64f5fe2c23b9b6aa35a231e9d95c267f26e28c24...
  ERROR: Incorrect padding
[112/4578] aiohttp__3c31b3837404: caching from namanjain12/aiohttp_final:3c31b3837404fa2fed3cdd42e89f9d6f25c6931e...
  ERROR: Incorrect padding
[113/4578] aiohttp__4c57a9c2bc05: caching from namanjain12/aiohttp_final:4c57a9c2bc05b7d45934f12902eec81ef8eb1a5c...
  ERROR: Incorrect padding
[114/4578] aiohttp__42fd75081a75: caching from namanjain12/aiohttp_final:42fd75081a75a6ba7377b14262731add0e18f96d...
  ERROR: unexpected end of data
[115/4578] aiohttp__944e0f69daf9: caching from namanjain12/aiohttp_final:944e0f69daf956402595ae8462d4ac80f88b66b5...
  ERROR: unexpected end of data
[116/4578] aiohttp__4da27cefdf5e: caching from namanjain12/aiohttp_final:4da27cefdf5edb7f4241c5077593eeb7b1a00c62...
  ERROR: Invalid base64-encoded string: number of data characters (998573) cannot be 1 more than a multiple of 4
[117/4578] aiohttp__d904071c3073: caching from namanjain12/aiohttp_final:d904071c30737baa7189ed1c842c76954274c129...
  ERROR: unexpected end of data
[118/4578] aiohttp__5b5bbd688c63: caching from namanjain12/aiohttp_final:5b5bbd688c630f7200b9385ee3798f03ba5f279c...
  ERROR: Incorrect padding
[119/4578] aiohttp__8a6c703415ad: caching from namanjain12/aiohttp_final:8a6c703415addca5b5aaa011476bd7f2df324a28...
  ERROR: unexpected end of data
[120/4578] aiohttp__90f058984a55: caching from namanjain12/aiohttp_final:90f058984a559c215f1721776326c145f9c77af9...
  ERROR: Invalid base64-encoded string: number of data characters (1014745) cannot be 1 more than a multiple of 4
[121/4578] aiohttp__3b8fb5a2dceb: caching from namanjain12/aiohttp_final:3b8fb5a2dcebc4703220f19010811b5ea9707707...
  ERROR: Incorrect padding
[122/4578] aiohttp__5269480e0f4f: caching from namanjain12/aiohttp_final:5269480e0f4f93786434065c858b966402a4bf6f...
  ERROR: Incorrect padding
[123/4578] aiohttp__4094cb81db93: caching from namanjain12/aiohttp_final:4094cb81db93c17ee702eeaa38676a0d3ea9ca59...
  ERROR: Incorrect padding
[124/4578] aiohttp__aa2d9ddd875c: caching from namanjain12/aiohttp_final:aa2d9ddd875c54863dfa6620ac75dd9e1ed4ed3a...
  ERROR: Incorrect padding
[125/4578] aiohttp__240da1001519: caching from namanjain12/aiohttp_final:240da100151933883d7dea0528d45877df025b92...
  ERROR: Incorrect padding
[126/4578] aiohttp__409c833db67a: caching from namanjain12/aiohttp_final:409c833db67ad5e32a124ace648234f540ed3f98...
  ERROR: unexpected end of data
[127/4578] aiohttp__991214a9fbad: caching from namanjain12/aiohttp_final:991214a9fbadbca39284ee7c58c8f727cbfb811e...
  ERROR: Incorrect padding
[128/4578] aiohttp__0e8fe545dd78: caching from namanjain12/aiohttp_final:0e8fe545dd78b2cb86286f4adc27f29fcb980578...
  ERROR: Incorrect padding
[129/4578] aiohttp__0995007bb568: caching from namanjain12/aiohttp_final:0995007bb568652a4159eb38568f95d6adbf9f88...
  ERROR: Incorrect padding
[130/4578] aiohttp__d0e60d59d00d: caching from namanjain12/aiohttp_final:d0e60d59d00d394193c8b40ac746146e094d5fb9...
  ERROR: unexpected end of data
[131/4578] aiohttp__6e4e554781dc: caching from namanjain12/aiohttp_final:6e4e554781dce834f9a1298f36f9382e57d5276d...
  ERROR: Incorrect padding
[132/4578] aiohttp__30850babb43a: caching from namanjain12/aiohttp_final:30850babb43a8e28dd2df036776c62fd613d3d89...
  ERROR: unexpected end of data
[133/4578] aiohttp__37b2604d10e7: caching from namanjain12/aiohttp_final:37b2604d10e78b96b1fed51bab7f22221c868fc9...
  ERROR: Incorrect padding
[134/4578] aiohttp__60313571defa: caching from namanjain12/aiohttp_final:60313571defa8d66e3a6d4bc0be1fa78b475652f...
  ERROR: Incorrect padding
[135/4578] aiohttp__cdb5129afc79: caching from namanjain12/aiohttp_final:cdb5129afc79bb9e073ed6ad2fcb352efa2962c2...
  ERROR: unexpected end of data
[136/4578] aiohttp__5f699bbbf98d: caching from namanjain12/aiohttp_final:5f699bbbf98d3700921ec9a7d646d5f21e82e8c1...
  ERROR: Incorrect padding
[137/4578] aiohttp__1a389a53b213: caching from namanjain12/aiohttp_final:1a389a53b21305d05cbe9f4fa64b271b5c42015f...
  ERROR: Incorrect padding
[138/4578] aiohttp__871fedcb014c: caching from namanjain12/aiohttp_final:871fedcb014c0e568f4eed3ef5c74ae94c59c936...
  ERROR: Incorrect padding
[139/4578] aiohttp__9c932f71ec5a: caching from namanjain12/aiohttp_final:9c932f71ec5a450954cee92ff9450974414ac1d8...
  ERROR: unexpected end of data
[140/4578] aiohttp__7e16dd198ea5: caching from namanjain12/aiohttp_final:7e16dd198ea5042bd127a0d0417c40348ac1d158...
  ERROR: Incorrect padding
[141/4578] aiohttp__e1890ae56c8a: caching from namanjain12/aiohttp_final:e1890ae56c8a878ac9603bd4a007de9106bab4ce...
  ERROR: Incorrect padding
[142/4578] aiohttp__0415a4ca18e1: caching from namanjain12/aiohttp_final:0415a4ca18e15e734999925fd7f20607f05e2a4b...
  ERROR: unexpected end of data
[143/4578] aiohttp__5a6949da642d: caching from namanjain12/aiohttp_final:5a6949da642d1db6cf414fd0d1f70e54c7b7be14...
  ERROR: Incorrect padding
[144/4578] aiohttp__274c54e46c11: caching from namanjain12/aiohttp_final:274c54e46c11e6f527326a3574eb984f90e0f740...
  ERROR: unexpected end of data
[145/4578] aiohttp__af8900de0e06: caching from namanjain12/aiohttp_final:af8900de0e06c187a1235acd465c4b1ed2e5e6a0...
  ERROR: unexpected end of data
[146/4578] aiohttp__e3b1011f2146: caching from namanjain12/aiohttp_final:e3b1011f2146ad0faa4c3d3c29f26b73e1400564...
  ERROR: Incorrect padding
[147/4578] aiohttp__dfaafac078d3: caching from namanjain12/aiohttp_final:dfaafac078d3f5ee5902933709f7264e9b1ffd70...
  ERROR: Incorrect padding
[148/4578] aiohttp__4c65ee880c46: caching from namanjain12/aiohttp_final:4c65ee880c46388484979ece26be95a76ce84329...
  ERROR: Incorrect padding
[149/4578] aiohttp__b2e1294f700e: caching from namanjain12/aiohttp_final:b2e1294f700eae58a87085b6342d7eb5ed105700...
  ERROR: Incorrect padding
[150/4578] aiohttp__c7ff47b3916a: caching from namanjain12/aiohttp_final:c7ff47b3916aaa4bb94074660e6969dbf1b77305...
  ERROR: Invalid base64-encoded string: number of data characters (1014745) cannot be 1 more than a multiple of 4
[151/4578] aiohttp__bff76313298d: caching from namanjain12/aiohttp_final:bff76313298d8b2c7539f9dc496801ee86ab7097...
  ERROR: unexpected end of data
[152/4578] aiohttp__b40265eeafbe: caching from namanjain12/aiohttp_final:b40265eeafbe10d28146e476fe33cbb29539eb12...
  ERROR: unexpected end of data
[153/4578] aiohttp__b1dda8709de1: caching from namanjain12/aiohttp_final:b1dda8709de19b94e745dc780f41e4c5e5122d91...
  ERROR: Incorrect padding
[154/4578] aiohttp__695b0dc4bada: caching from namanjain12/aiohttp_final:695b0dc4bada1aca19a1bb99ea52176409658951...
  ERROR: unexpected end of data
[155/4578] aiohttp__dd5bb073107c: caching from namanjain12/aiohttp_final:dd5bb073107caa1c764158b87fb8482124aad6c1...
  ERROR: Incorrect padding
[156/4578] aiohttp__88d224f7c53d: caching from namanjain12/aiohttp_final:88d224f7c53dd1ff410a5dccada6a778039adba7...
  ERROR: Invalid base64-encoded string: number of data characters (1014745) cannot be 1 more than a multiple of 4
[157/4578] aiohttp__91c9c6fbf60e: caching from namanjain12/aiohttp_final:91c9c6fbf60edfbb43c119a15be47e4f43166865...
  ERROR: Incorrect padding
[158/4578] aiohttp__970c5d9d84af: caching from namanjain12/aiohttp_final:970c5d9d84afc8fb762ff04940b5e25449a1f6ae...
  ERROR: unexpected end of data
[159/4578] aiohttp__02d8dba9a320: caching from namanjain12/aiohttp_final:02d8dba9a320e4d15d8d7539ca5fb6d93083bd26...
  ERROR: Incorrect padding
[160/4578] aiohttp__e4ae01c2077d: caching from namanjain12/aiohttp_final:e4ae01c2077d2cfa116aa82e4ff6866857f7c466...
  ERROR: Incorrect padding
[161/4578] aiohttp__c95998e26410: caching from namanjain12/aiohttp_final:c95998e2641009fab2426b7b7596b07f271435a4...
  ERROR: Incorrect padding
[162/4578] aiohttp__d9c65b97afe6: caching from namanjain12/aiohttp_final:d9c65b97afe64d2c27e46421dc115c80535930ca...
  ERROR: Incorrect padding
[163/4578] aiohttp__9726a679b4f1: caching from namanjain12/aiohttp_final:9726a679b4f1fe2247065f1a0f9b30dbd2495fda...
  ERROR: unexpected end of data
[164/4578] aiohttp__a4e94ffc341d: caching from namanjain12/aiohttp_final:a4e94ffc341d884ed0345d634b56984e1c460274...
  ERROR: Invalid base64-encoded string: number of data characters (986445) cannot be 1 more than a multiple of 4
[165/4578] aiohttp__210bcbb8ee0c: caching from namanjain12/aiohttp_final:210bcbb8ee0c3ce34664836403a07a0b97123696...
  ERROR: Invalid base64-encoded string: number of data characters (1026873) cannot be 1 more than a multiple of 4
[166/4578] aiohttp__249855ad9cdb: caching from namanjain12/aiohttp_final:249855ad9cdbdb3d6eca90a0a5b675c409274ab6...
  ERROR: Incorrect padding
[167/4578] aiohttp__6462f7553ff1: caching from namanjain12/aiohttp_final:6462f7553ff1e7f1778c5e1d315bd5ff890ceaa5...
  ERROR: unexpected end of data
[168/4578] aiohttp__8c36b51e479b: caching from namanjain12/aiohttp_final:8c36b51e479bf2eec5ad71043c07232dc26d1582...
  ERROR: unexpected end of data
[169/4578] aiohttp__c266fc770ab1: caching from namanjain12/aiohttp_final:c266fc770ab167da6e9af11ca2f345b694270b7b...
  ERROR: unexpected end of data
[170/4578] aiohttp__45147c4e18d2: caching from namanjain12/aiohttp_final:45147c4e18d20ee7a4007fb3ee399487e319d9ad...
  ERROR: Incorrect padding
[171/4578] aiohttp__d58d2c3d0f87: caching from namanjain12/aiohttp_final:d58d2c3d0f8755dcd982071e3dc12e9f14db55f6...
  ERROR: Incorrect padding
[172/4578] aiohttp__297ddaec57bb: caching from namanjain12/aiohttp_final:297ddaec57bbe07c1c51bbe5909a01eedab2ff87...
  ERROR: Incorrect padding
[173/4578] aiohttp__5c0b8e4a7897: caching from namanjain12/aiohttp_final:5c0b8e4a7897f48063f684ac16e7dd18f6218274...
  ERROR: Incorrect padding
[174/4578] aiohttp__a3fa8d85ff22: caching from namanjain12/aiohttp_final:a3fa8d85ff227f18270d83af215b8974386989f0...
  ERROR: unexpected end of data
[175/4578] aiohttp__841d00eb3c53: caching from namanjain12/aiohttp_final:841d00eb3c5393fc6eccbfcd09114b14c74772d4...
  ERROR: Incorrect padding
[176/4578] aiohttp__768123537ec9: caching from namanjain12/aiohttp_final:768123537ec988ea629a829623e8d72e7aec1c41...
  ERROR: Incorrect padding
[177/4578] aiohttp__06b23989d9a8: caching from namanjain12/aiohttp_final:06b23989d9a80da93eddf285960e00a01b078151...
  ERROR: Incorrect padding
[178/4578] aiohttp__9dfc8bdb8247: caching from namanjain12/aiohttp_final:9dfc8bdb8247b9d7cc189f123d75e5e89ba866ab...
  ERROR: Incorrect padding
[179/4578] aiohttp__29501d81ebd8: caching from namanjain12/aiohttp_final:29501d81ebd8b9cc31994d374db200a5d2d3681d...
  ERROR: unexpected end of data
[180/4578] aiohttp__91751450c87e: caching from namanjain12/aiohttp_final:91751450c87e73d26d1464c6a61133e298b26ae2...
  ERROR: Incorrect padding
[181/4578] aiohttp__66921d58f5d7: caching from namanjain12/aiohttp_final:66921d58f5d7a07cc92f88cfe0a32d1f07e351cb...
  ERROR: unexpected end of data
[182/4578] aiohttp__147aa3deb935: caching from namanjain12/aiohttp_final:147aa3deb9359d770f14f647d0f1faee0b88e4d3...
  ERROR: unexpected end of data
[183/4578] aiohttp__56445fc9c043: caching from namanjain12/aiohttp_final:56445fc9c043aa46fe9fd0a3dcf6da113c9b20ce...
  ERROR: Incorrect padding
[184/4578] aiohttp__cd0a95758ec8: caching from namanjain12/aiohttp_final:cd0a95758ec809099edc755c3fbff8b5f6a390a3...
  ERROR: Incorrect padding
[185/4578] aiohttp__c544f56ceb9b: caching from namanjain12/aiohttp_final:c544f56ceb9bd3e49dd1de3b4b05fc4fb3222598...
  ERROR: Incorrect padding
[186/4578] aiohttp__98e3a9181d7b: caching from namanjain12/aiohttp_final:98e3a9181d7b3264d7ebd7955a01ba9a08df9dc3...
  ERROR: Incorrect padding
[187/4578] aiohttp__c2d9c1904a5b: caching from namanjain12/aiohttp_final:c2d9c1904a5bf43aced8d5a5dc579ee80d2573b1...
  ERROR: Incorrect padding
[188/4578] aiohttp__9c50c9aae77c: caching from namanjain12/aiohttp_final:9c50c9aae77cbba107fec00f67d056ac588e9fab...
  ERROR: Incorrect padding
[189/4578] aiohttp__b8ce8fb669bf: caching from namanjain12/aiohttp_final:b8ce8fb669bfca6734f3bb0f0c523ee74353a113...
  ERROR: unexpected end of data
[190/4578] aiohttp__74a2002b638e: caching from namanjain12/aiohttp_final:74a2002b638ebd7718ce42609206a00e676a4dbc...
  ERROR: Incorrect padding
[191/4578] aiohttp__7f906a07e7a1: caching from namanjain12/aiohttp_final:7f906a07e7a15fcabce08c89b4b6e310de033f7c...
  ERROR: Incorrect padding
[192/4578] aiohttp__4a2e64fd3a92: caching from namanjain12/aiohttp_final:4a2e64fd3a9221cc30b0d6f5660e9e47ea64bc82...
  ERROR: unexpected end of data
[193/4578] aiohttp__2c7f760e00dd: caching from namanjain12/aiohttp_final:2c7f760e00dd695854322f86cd5f1c2b1289c983...
  ERROR: Incorrect padding
[194/4578] aiohttp__1770460c4bcc: caching from namanjain12/aiohttp_final:1770460c4bcc172cf6e4dd2ff074361afd3bbaf4...
  ERROR: Incorrect padding
[195/4578] aiohttp__537413a7fc05: caching from namanjain12/aiohttp_final:537413a7fc05ddfb1f89ad434c03bf2e2bf58e8b...
  ERROR: unexpected end of data
[196/4578] aiohttp__8e330d4c28e1: caching from namanjain12/aiohttp_final:8e330d4c28e115858abbe9900c76e73c9efab71a...
  ERROR: Incorrect padding
[197/4578] aiohttp__8a7c2a5b5c93: caching from namanjain12/aiohttp_final:8a7c2a5b5c9329b1c96f55801e5afed6d381afbd...
  ERROR: unexpected end of data
[198/4578] aiohttp__10217d0a2e4e: caching from namanjain12/aiohttp_final:10217d0a2e4eb97b0050fabe3f0aeae6d43c2071...
  ERROR: unexpected end of data
[199/4578] aiohttp__2e4b0337e1ee: caching from namanjain12/aiohttp_final:2e4b0337e1ee4db3ceb5adc8276f94e11f8b09c3...
  ERROR: Incorrect padding
[200/4578] aiohttp__c04a45d9c37d: caching from namanjain12/aiohttp_final:c04a45d9c37d3e5fc740c3ab73595048af6476a9...
  ERROR: Incorrect padding
[201/4578] aiohttp__54b36e037856: caching from namanjain12/aiohttp_final:54b36e037856a72c6bfd451b75cdbababafbc07f...
  ERROR: Incorrect padding
[202/4578] aiohttp__8cc211adc3f3: caching from namanjain12/aiohttp_final:8cc211adc3f36af12898c6beca2ac6b701de0a0b...
  ERROR: unexpected end of data
[203/4578] aiohttp__07429ed0084b: caching from namanjain12/aiohttp_final:07429ed0084b3cdd636b178d4eda6944a1809069...
  ERROR: unexpected end of data
[204/4578] aiohttp__bf33810d11bb: caching from namanjain12/aiohttp_final:bf33810d11bbedbe8a01cde53ae89fcc2b6b04fd...
  ERROR: Incorrect padding
[205/4578] aiohttp__430af0af6705: caching from namanjain12/aiohttp_final:430af0af6705b491309f7f4adeec148a39736628...
  ERROR: unexpected end of data
[206/4578] aiohttp__28342351fd04: caching from namanjain12/aiohttp_final:28342351fd0432bae9ef5684779feca25689e249...
  ERROR: Incorrect padding
[207/4578] aiohttp__96c415c353c8: caching from namanjain12/aiohttp_final:96c415c353c85b2327541bc6858d853de8e8b333...
  ERROR: Incorrect padding
[208/4578] aiohttp__8de41885d3bf: caching from namanjain12/aiohttp_final:8de41885d3bf5e296b77f574163bc4e07ae32287...
  ERROR: Image build for im-i3tWBijcPo08nFsSl9og6m failed. See build logs for more details. (Hint: Use `modal.enable_output()` to see logs from the process building the Image.)
[209/4578] aiohttp__82451b648f25: caching from namanjain12/aiohttp_final:82451b648f25fe6ad75725b824683bf9419be5fd...
  ERROR: unexpected end of data
[210/4578] aiohttp__d7802fe2e48b: caching from namanjain12/aiohttp_final:d7802fe2e48bd7b1f70c8d66786ad125305eaa24...
  ERROR: Image build for im-ZOTetFDKNyJmZkGGEMpVXx failed. See build logs for more details. (Hint: Use `modal.enable_output()` to see logs from the process building the Image.)
[211/4578] aiohttp__6c6d45b7ca39: caching from namanjain12/aiohttp_final:6c6d45b7ca392f0d2b5d9baba7f37002cfeaf1e0...
  ERROR: Incorrect padding
[212/4578] aiohttp__1f3a6be48a99: caching from namanjain12/aiohttp_final:1f3a6be48a99767560ccf3f9e923a9a3a6fc1352...
  ERROR: unexpected end of data
[213/4578] aiohttp__22a12cc2e2ef: caching from namanjain12/aiohttp_final:22a12cc2e2ef289d9e96fd87dfc17272177e52ac...
  ERROR: Incorrect padding
[214/4578] aiohttp__8bd42e742acc: caching from namanjain12/aiohttp_final:8bd42e742acc825e8b2f170c04216da3c767f56e...
  ERROR: Image build for im-Vum4d3595LyhVpCtlByQPW failed. See build logs for more details. (Hint: Use `modal.enable_output()` to see logs from the process building the Image.)
[215/4578] aiohttp__af647c3cfc86: caching from namanjain12/aiohttp_final:af647c3cfc86920aa8303e1357a5dc21b88b7f9f...
  ERROR: Incorrect padding
[216/4578] aiohttp__b4f9cb35589d: caching from namanjain12/aiohttp_final:b4f9cb35589db813bd449b9475ad039cc49ee9c1...
  ERROR: Incorrect padding
[217/4578] aiohttp__4f41d05e1a13: caching from namanjain12/aiohttp_final:4f41d05e1a1340303a92e77a166646af370291e8...
  ERROR: Image build for im-hp3UB1R3vle73pnoBZoGO6 failed. See build logs for more details. (Hint: Use `modal.enable_output()` to see logs from the process building the Image.)
[218/4578] aiohttp__43f3e23b1c66: caching from namanjain12/aiohttp_final:43f3e23b1c66ad8303fd1333ccb86c2301d07d15...
  ERROR: unexpected end of data
[219/4578] aiohttp__731ba4dd399c: caching from namanjain12/aiohttp_final:731ba4dd399c26fd470dde5ea50e011e058b798a...
  ERROR: Image build for im-UZcyC0QzRbOHMvaEfxYaHs failed. See build logs for more details. (Hint: Use `modal.enable_output()` to see logs from the process building the Image.)
[220/4578] aiohttp__c0c3376e6699: caching from namanjain12/aiohttp_final:c0c3376e6699d0741424c43ac1b25beea366b1fd...
  ERROR: Image build for im-Kg81RiXOolTiAu1xuO8NFH failed. See build logs for more details. (Hint: Use `modal.enable_output()` to see logs from the process building the Image.)
[221/4578] aiohttp__8ad118b1d8b8: caching from namanjain12/aiohttp_final:8ad118b1d8b83ce0c0b61ae0cf8019c9a2fcd5ae...
  ERROR: unexpected end of data
[222/4578] aiohttp__096bc9d5e662: caching from namanjain12/aiohttp_final:096bc9d5e6627074edfebb4d39090b06c082fc2c...
  ERROR: Incorrect padding
[223/4578] aiohttp__8999d9b0563a: caching from namanjain12/aiohttp_final:8999d9b0563a4139701335fef1ae632e972e2e65...
  ERROR: unexpected end of data
[224/4578] aiohttp__4592d03194eb: caching from namanjain12/aiohttp_final:4592d03194ebd42638834519cdc65feb484a0f30...
  ERROR: Incorrect padding
[225/4578] aiohttp__8220ced9f751: caching from namanjain12/aiohttp_final:8220ced9f7515901cbf0976fb48ed867ff541241...
  ERROR: unexpected end of data
[226/4578] aiohttp__1e86b777e61c: caching from namanjain12/aiohttp_final:1e86b777e61cf4eefc7d92fa57fa19dcc676013b...
  ERROR: Incorrect padding
[227/4578] aiohttp__e40283338eab: caching from namanjain12/aiohttp_final:e40283338eab5b501e8e91e5b24c2c38cb1a0c71...
  ERROR: Incorrect padding
[228/4578] aiohttp__62173bea1e4e: caching from namanjain12/aiohttp_final:62173bea1e4e3538d46e6e9b94d727d870d86879...
  ERROR: Incorrect padding
[229/4578] aiohttp__64a3d30a5795: caching from namanjain12/aiohttp_final:64a3d30a57952ec86caa2688d4a98696a486d3ea...
  ERROR: Incorrect padding
[230/4578] aiohttp__d15dbb3be317: caching from namanjain12/aiohttp_final:d15dbb3be3172a4fad1fd9367baf95059100f81b...
  ERROR: Incorrect padding
[231/4578] aiohttp__b97d9a97b239: caching from namanjain12/aiohttp_final:b97d9a97b239e33bc3f8df321defa853864a639e...
  ERROR: Incorrect padding
[232/4578] aiohttp__898aa280f20c: caching from namanjain12/aiohttp_final:898aa280f20c740ae7e3c020546d5be925bb6ddc...
  ERROR: unexpected end of data
[233/4578] aiohttp__b7e3b300369d: caching from namanjain12/aiohttp_final:b7e3b300369d2b8c1a1bd1e269bf23b51dc0d8ce...
  ERROR: Incorrect padding
[234/4578] aiohttp__88f383427e91: caching from namanjain12/aiohttp_final:88f383427e918360fd2762a9a3256897159e2d6b...
  ERROR: unexpected end of data
[235/4578] aiohttp__25ef45023886: caching from namanjain12/aiohttp_final:25ef450238864d06ba8a44227080e4a7b354ba76...
  ERROR: Incorrect padding
[236/4578] aiohttp__5fa260aaa35d: caching from namanjain12/aiohttp_final:5fa260aaa35d81dcbbeb15ee3891337870f77c99...
  ERROR: Incorrect padding
[237/4578] aiohttp__be27f7926f0d: caching from namanjain12/aiohttp_final:be27f7926f0da9b4129d98cf628eea99dc9e3411...
  ERROR: unexpected end of data
[238/4578] aiohttp__9ff938eea3eb: caching from namanjain12/aiohttp_final:9ff938eea3eb91165cfe45c0bf2432f56896d3e5...
  ERROR: Incorrect padding
[239/4578] aiohttp__7fd5e73eb44d: caching from namanjain12/aiohttp_final:7fd5e73eb44d3f6a5df807d2393d46481a8c1c56...
  ERROR: unexpected end of data
[240/4578] aiohttp__598334fa5125: caching from namanjain12/aiohttp_final:598334fa512560da1378e79363e76129804d02d1...
  ERROR: Incorrect padding
[241/4578] aiohttp__af2bb1e7ad2e: caching from namanjain12/aiohttp_final:af2bb1e7ad2e07948b02af0a2db55d5f8555ef6b...
  ERROR: Incorrect padding
[242/4578] aiohttp__312f747de91f: caching from namanjain12/aiohttp_final:312f747de91f20fa33af03fd368f857fbd32f36a...
  ERROR: Incorrect padding
[243/4578] aiohttp__d697d4211b38: caching from namanjain12/aiohttp_final:d697d4211b38e435fd59a0ced331989c8b258097...
  ERROR: Incorrect padding
[244/4578] aiohttp__493f06797654: caching from namanjain12/aiohttp_final:493f06797654c383242f0e8007f6e06b818a1fbc...
  ERROR: Incorrect padding
[245/4578] aiohttp__fde031fe7b0d: caching from namanjain12/aiohttp_final:fde031fe7b0d6060eab4ff13d588a882bb7a1ddb...
  ERROR: Invalid base64-encoded string: number of data characters (1026873) cannot be 1 more than a multiple of 4
[246/4578] aiohttp__6104dde0eb17: caching from namanjain12/aiohttp_final:6104dde0eb17d390e8a89c03cbb1fc18d93cc3d0...
  ERROR: Invalid base64-encoded string: number of data characters (986445) cannot be 1 more than a multiple of 4
[247/4578] aiohttp__f19d920658b6: caching from namanjain12/aiohttp_final:f19d920658b6d6800d28c2dc0b99423da3c3750a...
  ERROR: Incorrect padding
[248/4578] aiohttp__01ed18945cf3: caching from namanjain12/aiohttp_final:01ed18945cf331cff6c2221116d7678855a31167...
  ERROR: Incorrect padding
[249/4578] aiohttp__4ca503331239: caching from namanjain12/aiohttp_final:4ca503331239f309d044c8ca8539ae8fa347659a...
  ERROR: unexpected end of data
[250/4578] aiohttp__ce2e97588145: caching from namanjain12/aiohttp_final:ce2e9758814527589b10759a20783fb03b98339f...
  ERROR: unexpected end of data
[251/4578] aiohttp__3d41df0e8f04: caching from namanjain12/aiohttp_final:3d41df0e8f0473c8e553f2f0446c7a35646320ea...
  ERROR: Incorrect padding
[252/4578] aiohttp__2ae4d6ffdd01: caching from namanjain12/aiohttp_final:2ae4d6ffdd015f622bfb75dee98ad629240cccc4...
  ERROR: unexpected end of data
[253/4578] aiohttp__cdfed8b884ce: caching from namanjain12/aiohttp_final:cdfed8b884ced3231b01c68a2f85bf2fbb94d30f...
  ERROR: Invalid base64-encoded string: number of data characters (1972889) cannot be 1 more than a multiple of 4
[254/4578] aiohttp__0c938122b0d9: caching from namanjain12/aiohttp_final:0c938122b0d94701899d48e99cd3db32af306739...
  ERROR: Incorrect padding
[255/4578] aiohttp__28cb7d707e90: caching from namanjain12/aiohttp_final:28cb7d707e90fe1d8a1f7dcbf853acc831a6423c...
  ERROR: unexpected end of data
[256/4578] aiohttp__86b97776aa45: caching from namanjain12/aiohttp_final:86b97776aa454984daf2a9c42b686eb05b65bdf7...
  ERROR: Incorrect padding
[257/4578] aiohttp__400feb641e51: caching from namanjain12/aiohttp_final:400feb641e51f3b9afe0eee9c73cafcb8a0d3744...
  ERROR: Invalid base64-encoded string: number of data characters (1026873) cannot be 1 more than a multiple of 4
[258/4578] aiohttp__306b4d0c4cbb: caching from namanjain12/aiohttp_final:306b4d0c4cbbf5e6257179f281254153517a5fc4...
  ERROR: unexpected end of data
[259/4578] aiohttp__e058cbd14dd7: caching from namanjain12/aiohttp_final:e058cbd14dd754c2b0138fdef28df58c5e3a2c5f...
  ERROR: Incorrect padding
[260/4578] aiohttp__7531deefa345: caching from namanjain12/aiohttp_final:7531deefa3458aa87dcfa61c379fc5542621b67e...
  ERROR: Incorrect padding
[261/4578] aiohttp__e2631c7c0587: caching from namanjain12/aiohttp_final:e2631c7c058796ac8fab88722cffd582300cdc0e...
  ERROR: Incorrect padding
[262/4578] aiohttp__48a5e07ad833: caching from namanjain12/aiohttp_final:48a5e07ad833bd1a8fcb2ce6f85a41ad0cef9dc6...
  ERROR: Incorrect padding
[263/4578] aiohttp__640bb1ef50b9: caching from namanjain12/aiohttp_final:640bb1ef50b93303c3ef857cbf2f89cd94e9137a...
  ERROR: unexpected end of data
[264/4578] aiohttp__68f1e4141330: caching from namanjain12/aiohttp_final:68f1e414133066c4f620201a09f71b20cda8bb29...
  ERROR: unexpected end of data
[265/4578] aiohttp__9ba9a4e53159: caching from namanjain12/aiohttp_final:9ba9a4e531599b9cb2f8cc80effbde40c7eab0bd...
  ERROR: unexpected end of data
[266/4578] aiohttp__d2b52d7c32a7: caching from namanjain12/aiohttp_final:d2b52d7c32a744379438c466e68ad2cb471deeba...
  ERROR: Invalid base64-encoded string: number of data characters (1014745) cannot be 1 more than a multiple of 4
[267/4578] aiohttp__a7e240a9f625: caching from namanjain12/aiohttp_final:a7e240a9f625a0b9559bdf5f0049c71565352400...
  ERROR: Incorrect padding
[268/4578] aiohttp__78d45e733dfe: caching from namanjain12/aiohttp_final:78d45e733dfeebc0914a409ea2af646fcb6f1c61...
  ERROR: unexpected end of data
[269/4578] aiohttp__7199e09eceb2: caching from namanjain12/aiohttp_final:7199e09eceb279a90a1921f9dd784ad7a1d1b805...
  ERROR: Incorrect padding
[270/4578] aiohttp__6d192e795a10: caching from namanjain12/aiohttp_final:6d192e795a104730da6cd96d5d9ba2fbaa22eee6...
  ERROR: Incorrect padding
[271/4578] aiohttp__ce9c4eb0f895: caching from namanjain12/aiohttp_final:ce9c4eb0f895f356e775ca268d7ccef908f4c936...
  ERROR: unexpected end of data
[272/4578] aiohttp__672cb20b38b1: caching from namanjain12/aiohttp_final:672cb20b38b10a329b5dfa8f1845fb022a426bf7...
  ERROR: Incorrect padding
[273/4578] aiohttp__d8c040e72adf: caching from namanjain12/aiohttp_final:d8c040e72adfcb9e37c154f59e77ff485e75eee0...
  ERROR: Incorrect padding
[274/4578] aiohttp__bce6e3c7324f: caching from namanjain12/aiohttp_final:bce6e3c7324f53342bcd225103771c509fc4a67f...
  ERROR: Incorrect padding
[275/4578] aiohttp__259edc369075: caching from namanjain12/aiohttp_final:259edc369075de63e6f3a4eaade058c62af0df71...
  ERROR: Incorrect padding
[276/4578] aiohttp__b235e7656f8a: caching from namanjain12/aiohttp_final:b235e7656f8a4b07e1ad5ec74f28f6c05933620b...
  ERROR: Incorrect padding
[277/4578] aiohttp__ee0657dfc26d: caching from namanjain12/aiohttp_final:ee0657dfc26dc9f2aecf87f651b9dae0d14d9740...
  ERROR: Incorrect padding
[278/4578] aiohttp__2b40f6b79fae: caching from namanjain12/aiohttp_final:2b40f6b79fae3bc84ff90f7dee6b8e780716d179...
  ERROR: unexpected end of data
[279/4578] aiohttp__d24c19e3b328: caching from namanjain12/aiohttp_final:d24c19e3b328517cba8a856c61f3d079614a5a5a...
  ERROR: unexpected end of data
[280/4578] aiohttp__541d86d9e788: caching from namanjain12/aiohttp_final:541d86d9e7884590c655876cd40042565293d8df...
  ERROR: Incorrect padding
[281/4578] aiohttp__63813fe5f6d1: caching from namanjain12/aiohttp_final:63813fe5f6d115c98beb180ddefb8cdc1b201b74...
  ERROR: unexpected end of data
[282/4578] aiohttp__6d3d1fcf2583: caching from namanjain12/aiohttp_final:6d3d1fcf2583eb7b8330b194c00356ce169b2ebd...
  ERROR: unexpected end of data
[283/4578] aiohttp__9bfc8660ff2f: caching from namanjain12/aiohttp_final:9bfc8660ff2fcb80437e644ddbc26ebb44f921ee...
  ERROR: unexpected end of data
[284/4578] aiohttp__20d5f6e5421b: caching from namanjain12/aiohttp_final:20d5f6e5421b1794b1d8370ab80b9deddf24f6da...
  ERROR: unexpected end of data
[285/4578] aiohttp__306e42d8de2a: caching from namanjain12/aiohttp_final:306e42d8de2a9f4c2a911eab5fce6da36f949f11...
  ERROR: Incorrect padding
[286/4578] aiohttp__1c1c0ea35304: caching from namanjain12/aiohttp_final:1c1c0ea353041c8814a6131c3a92978dc2373e52...
  ERROR: Incorrect padding
[287/4578] aiohttp__45d6e4f14572: caching from namanjain12/aiohttp_final:45d6e4f14572bfc4cfc3f32a2c7c72a9cc28f125...
  ERROR: Incorrect padding
[288/4578] aiohttp__6e9ecc78e23c: caching from namanjain12/aiohttp_final:6e9ecc78e23cfbf592339243acc28e8e1d3c8fcc...
  ERROR: Incorrect padding
[289/4578] aiohttp__4075c653fb67: caching from namanjain12/aiohttp_final:4075c653fb67a29740bf9ac050bb02d10a57343a...
  ERROR: Invalid base64-encoded string: number of data characters (998573) cannot be 1 more than a multiple of 4
[290/4578] aiohttp__c65a77cfc9d2: caching from namanjain12/aiohttp_final:c65a77cfc9d2f6a1550b20ca65e1342188f96f28...
  ERROR: Incorrect padding
[291/4578] aiohttp__f3a1afc51665: caching from namanjain12/aiohttp_final:f3a1afc51665d9d2180606f250f492a61623ac6b...
  ERROR: Incorrect padding
[292/4578] aiohttp__b0536ae6babf: caching from namanjain12/aiohttp_final:b0536ae6babf160105d4025ea87c02b9fa5629f1...
  ERROR: Incorrect padding
[293/4578] aiohttp__a74e8187bf55: caching from namanjain12/aiohttp_final:a74e8187bf55679772c3771036ce74ca28ddfa36...
  ERROR: Incorrect padding
[294/4578] aiohttp__3cc00d3cdbab: caching from namanjain12/aiohttp_final:3cc00d3cdbab8ec6cf511700b15e33858a608d40...